[2019-06-30 15:46:13] local.ERROR: Symfony\Component\Debug\Exception\FatalErrorException: Class 'Modules\Admin\Repositories\BaseRepository' not found in /var/www/html/iplaravel/modules/Admin/Repositories/IpAddressRepository.php:13
Stack trace:
#0 {main}  
[2019-06-30 15:46:28] local.ERROR: Symfony\Component\Debug\Exception\FatalErrorException: Class 'Modules\Admin\Repositories\BaseRepository' not found in /var/www/html/iplaravel/modules/Admin/Repositories/ConfigSettingRepository.php:19
Stack trace:
#0 {main}  
[2019-06-30 15:51:05] local.ERROR: Symfony\Component\Debug\Exception\FatalThrowableError: Class 'Memcached' not found in /var/www/html/iplaravel/vendor/laravel/framework/src/Illuminate/Cache/MemcachedConnector.php:51
Stack trace:
#0 /var/www/html/iplaravel/vendor/laravel/framework/src/Illuminate/Cache/MemcachedConnector.php(20): Illuminate\Cache\MemcachedConnector->getMemcached()
#1 /var/www/html/iplaravel/vendor/laravel/framework/src/Illuminate/Cache/CacheManager.php(164): Illuminate\Cache\MemcachedConnector->connect(Array)
#2 /var/www/html/iplaravel/vendor/laravel/framework/src/Illuminate/Cache/CacheManager.php(102): Illuminate\Cache\CacheManager->createMemcachedDriver(Array)
#3 /var/www/html/iplaravel/vendor/laravel/framework/src/Illuminate/Cache/CacheManager.php(77): Illuminate\Cache\CacheManager->resolve('memcached')
#4 /var/www/html/iplaravel/vendor/laravel/framework/src/Illuminate/Cache/CacheManager.php(55): Illuminate\Cache\CacheManager->get('memcached')
#5 /var/www/html/iplaravel/vendor/laravel/framework/src/Illuminate/Cache/CacheManager.php(318): Illuminate\Cache\CacheManager->store()
#6 /var/www/html/iplaravel/vendor/laravel/framework/src/Illuminate/Support/Facades/Facade.php(217): Illuminate\Cache\CacheManager->__call('tags', Array)
#7 /var/www/html/iplaravel/modules/Admin/Repositories/ConfigSettingRepository.php(60): Illuminate\Support\Facades\Facade::__callStatic('tags', Array)
#8 /var/www/html/iplaravel/modules/Admin/Providers/AdminAuthServiceProvider.php(60): Modules\Admin\Repositories\ConfigSettingRepository->getSettingsData()
#9 /var/www/html/iplaravel/modules/Admin/Providers/AdminAuthServiceProvider.php(50): Modules\Admin\Providers\AdminAuthServiceProvider->fetchConfigConstants()
#10 [internal function]: Modules\Admin\Providers\AdminAuthServiceProvider->boot(Object(Illuminate\Routing\Router))
#11 /var/www/html/iplaravel/vendor/laravel/framework/src/Illuminate/Container/Container.php(507): call_user_func_array(Array, Array)
#12 /var/www/html/iplaravel/vendor/laravel/framework/src/Illuminate/Foundation/Application.php(734): Illuminate\Container\Container->call(Array)
#13 /var/www/html/iplaravel/vendor/laravel/framework/src/Illuminate/Foundation/Application.php(717): Illuminate\Foundation\Application->bootProvider(Object(Modules\Admin\Providers\AdminAuthServiceProvider))
#14 [internal function]: Illuminate\Foundation\Application->Illuminate\Foundation\{closure}(Object(Modules\Admin\Providers\AdminAuthServiceProvider), 26)
#15 /var/www/html/iplaravel/vendor/laravel/framework/src/Illuminate/Foundation/Application.php(718): array_walk(Array, Object(Closure))
#16 /var/www/html/iplaravel/vendor/laravel/framework/src/Illuminate/Foundation/Bootstrap/BootProviders.php(17): Illuminate\Foundation\Application->boot()
#17 /var/www/html/iplaravel/vendor/laravel/framework/src/Illuminate/Foundation/Application.php(203): Illuminate\Foundation\Bootstrap\BootProviders->bootstrap(Object(Illuminate\Foundation\Application))
#18 /var/www/html/iplaravel/vendor/laravel/framework/src/Illuminate/Foundation/Http/Kernel.php(222): Illuminate\Foundation\Application->bootstrapWith(Array)
#19 /var/www/html/iplaravel/vendor/laravel/framework/src/Illuminate/Foundation/Http/Kernel.php(117): Illuminate\Foundation\Http\Kernel->bootstrap()
#20 /var/www/html/iplaravel/vendor/laravel/framework/src/Illuminate/Foundation/Http/Kernel.php(87): Illuminate\Foundation\Http\Kernel->sendRequestThroughRouter(Object(Illuminate\Http\Request))
#21 /var/www/html/iplaravel/public/index.php(53): Illuminate\Foundation\Http\Kernel->handle(Object(Illuminate\Http\Request))
#22 {main}  
[2019-06-30 15:53:05] local.ERROR: PDOException: SQLSTATE[HY000] [1698] Access denied for user 'root'@'localhost' in /var/www/html/iplaravel/vendor/laravel/framework/src/Illuminate/Database/Connectors/Connector.php:55
Stack trace:
#0 /var/www/html/iplaravel/vendor/laravel/framework/src/Illuminate/Database/Connectors/Connector.php(55): PDO->__construct('mysql:host=loca...', 'root', 'root', Array)
#1 /var/www/html/iplaravel/vendor/laravel/framework/src/Illuminate/Database/Connectors/MySqlConnector.php(22): Illuminate\Database\Connectors\Connector->createConnection('mysql:host=loca...', Array, Array)
#2 /var/www/html/iplaravel/vendor/laravel/framework/src/Illuminate/Database/Connectors/ConnectionFactory.php(60): Illuminate\Database\Connectors\MySqlConnector->connect(Array)
#3 /var/www/html/iplaravel/vendor/laravel/framework/src/Illuminate/Database/Connectors/ConnectionFactory.php(49): Illuminate\Database\Connectors\ConnectionFactory->createSingleConnection(Array)
#4 /var/www/html/iplaravel/vendor/laravel/framework/src/Illuminate/Database/DatabaseManager.php(175): Illuminate\Database\Connectors\ConnectionFactory->make(Array, 'mysql')
#5 /var/www/html/iplaravel/vendor/laravel/framework/src/Illuminate/Database/DatabaseManager.php(67): Illuminate\Database\DatabaseManager->makeConnection('mysql')
#6 /var/www/html/iplaravel/vendor/laravel/framework/src/Illuminate/Database/Eloquent/Model.php(3224): Illuminate\Database\DatabaseManager->connection('mysql')
#7 /var/www/html/iplaravel/vendor/laravel/framework/src/Illuminate/Database/Eloquent/Model.php(3190): Illuminate\Database\Eloquent\Model::resolveConnection(NULL)
#8 /var/www/html/iplaravel/vendor/laravel/framework/src/Illuminate/Database/Eloquent/Model.php(1870): Illuminate\Database\Eloquent\Model->getConnection()
#9 /var/www/html/iplaravel/vendor/laravel/framework/src/Illuminate/Database/Eloquent/Model.php(1813): Illuminate\Database\Eloquent\Model->newBaseQueryBuilder()
#10 /var/www/html/iplaravel/vendor/laravel/framework/src/Illuminate/Database/Eloquent/Model.php(1787): Illuminate\Database\Eloquent\Model->newQueryWithoutScopes()
#11 /var/www/html/iplaravel/vendor/laravel/framework/src/Illuminate/Database/Eloquent/Model.php(3442): Illuminate\Database\Eloquent\Model->newQuery()
#12 [internal function]: Illuminate\Database\Eloquent\Model->__call('join', Array)
#13 /var/www/html/iplaravel/vendor/laravel/framework/src/Illuminate/Database/Eloquent/Model.php(3458): call_user_func_array(Array, Array)
#14 /var/www/html/iplaravel/modules/Admin/Repositories/ConfigSettingRepository.php(61): Illuminate\Database\Eloquent\Model::__callStatic('join', Array)
#15 /var/www/html/iplaravel/vendor/laravel/framework/src/Illuminate/Cache/Repository.php(206): Modules\Admin\Repositories\ConfigSettingRepository->Modules\Admin\Repositories\{closure}()
#16 /var/www/html/iplaravel/modules/Admin/Repositories/ConfigSettingRepository.php(64): Illuminate\Cache\Repository->remember('ModulesAdminRep...', 60, Object(Closure))
#17 /var/www/html/iplaravel/modules/Admin/Providers/AdminAuthServiceProvider.php(60): Modules\Admin\Repositories\ConfigSettingRepository->getSettingsData()
#18 /var/www/html/iplaravel/modules/Admin/Providers/AdminAuthServiceProvider.php(50): Modules\Admin\Providers\AdminAuthServiceProvider->fetchConfigConstants()
#19 [internal function]: Modules\Admin\Providers\AdminAuthServiceProvider->boot(Object(Illuminate\Routing\Router))
#20 /var/www/html/iplaravel/vendor/laravel/framework/src/Illuminate/Container/Container.php(507): call_user_func_array(Array, Array)
#21 /var/www/html/iplaravel/vendor/laravel/framework/src/Illuminate/Foundation/Application.php(734): Illuminate\Container\Container->call(Array)
#22 /var/www/html/iplaravel/vendor/laravel/framework/src/Illuminate/Foundation/Application.php(717): Illuminate\Foundation\Application->bootProvider(Object(Modules\Admin\Providers\AdminAuthServiceProvider))
#23 [internal function]: Illuminate\Foundation\Application->Illuminate\Foundation\{closure}(Object(Modules\Admin\Providers\AdminAuthServiceProvider), 26)
#24 /var/www/html/iplaravel/vendor/laravel/framework/src/Illuminate/Foundation/Application.php(718): array_walk(Array, Object(Closure))
#25 /var/www/html/iplaravel/vendor/laravel/framework/src/Illuminate/Foundation/Bootstrap/BootProviders.php(17): Illuminate\Foundation\Application->boot()
#26 /var/www/html/iplaravel/vendor/laravel/framework/src/Illuminate/Foundation/Application.php(203): Illuminate\Foundation\Bootstrap\BootProviders->bootstrap(Object(Illuminate\Foundation\Application))
#27 /var/www/html/iplaravel/vendor/laravel/framework/src/Illuminate/Foundation/Http/Kernel.php(222): Illuminate\Foundation\Application->bootstrapWith(Array)
#28 /var/www/html/iplaravel/vendor/laravel/framework/src/Illuminate/Foundation/Http/Kernel.php(117): Illuminate\Foundation\Http\Kernel->bootstrap()
#29 /var/www/html/iplaravel/vendor/laravel/framework/src/Illuminate/Foundation/Http/Kernel.php(87): Illuminate\Foundation\Http\Kernel->sendRequestThroughRouter(Object(Illuminate\Http\Request))
#30 /var/www/html/iplaravel/public/index.php(53): Illuminate\Foundation\Http\Kernel->handle(Object(Illuminate\Http\Request))
#31 {main}  
[2019-06-30 16:00:17] local.ERROR: PDOException: SQLSTATE[HY000] [1044] Access denied for user 'dbroot'@'localhost' to database 'iplaravel' in /var/www/html/iplaravel/vendor/laravel/framework/src/Illuminate/Database/Connectors/Connector.php:55
Stack trace:
#0 /var/www/html/iplaravel/vendor/laravel/framework/src/Illuminate/Database/Connectors/Connector.php(55): PDO->__construct('mysql:host=loca...', 'dbroot', 'dbroot', Array)
#1 /var/www/html/iplaravel/vendor/laravel/framework/src/Illuminate/Database/Connectors/MySqlConnector.php(22): Illuminate\Database\Connectors\Connector->createConnection('mysql:host=loca...', Array, Array)
#2 /var/www/html/iplaravel/vendor/laravel/framework/src/Illuminate/Database/Connectors/ConnectionFactory.php(60): Illuminate\Database\Connectors\MySqlConnector->connect(Array)
#3 /var/www/html/iplaravel/vendor/laravel/framework/src/Illuminate/Database/Connectors/ConnectionFactory.php(49): Illuminate\Database\Connectors\ConnectionFactory->createSingleConnection(Array)
#4 /var/www/html/iplaravel/vendor/laravel/framework/src/Illuminate/Database/DatabaseManager.php(175): Illuminate\Database\Connectors\ConnectionFactory->make(Array, 'mysql')
#5 /var/www/html/iplaravel/vendor/laravel/framework/src/Illuminate/Database/DatabaseManager.php(67): Illuminate\Database\DatabaseManager->makeConnection('mysql')
#6 /var/www/html/iplaravel/vendor/laravel/framework/src/Illuminate/Database/Eloquent/Model.php(3224): Illuminate\Database\DatabaseManager->connection('mysql')
#7 /var/www/html/iplaravel/vendor/laravel/framework/src/Illuminate/Database/Eloquent/Model.php(3190): Illuminate\Database\Eloquent\Model::resolveConnection(NULL)
#8 /var/www/html/iplaravel/vendor/laravel/framework/src/Illuminate/Database/Eloquent/Model.php(1870): Illuminate\Database\Eloquent\Model->getConnection()
#9 /var/www/html/iplaravel/vendor/laravel/framework/src/Illuminate/Database/Eloquent/Model.php(1813): Illuminate\Database\Eloquent\Model->newBaseQueryBuilder()
#10 /var/www/html/iplaravel/vendor/laravel/framework/src/Illuminate/Database/Eloquent/Model.php(1787): Illuminate\Database\Eloquent\Model->newQueryWithoutScopes()
#11 /var/www/html/iplaravel/vendor/laravel/framework/src/Illuminate/Database/Eloquent/Model.php(3442): Illuminate\Database\Eloquent\Model->newQuery()
#12 [internal function]: Illuminate\Database\Eloquent\Model->__call('join', Array)
#13 /var/www/html/iplaravel/vendor/laravel/framework/src/Illuminate/Database/Eloquent/Model.php(3458): call_user_func_array(Array, Array)
#14 /var/www/html/iplaravel/modules/Admin/Repositories/ConfigSettingRepository.php(61): Illuminate\Database\Eloquent\Model::__callStatic('join', Array)
#15 /var/www/html/iplaravel/vendor/laravel/framework/src/Illuminate/Cache/Repository.php(206): Modules\Admin\Repositories\ConfigSettingRepository->Modules\Admin\Repositories\{closure}()
#16 /var/www/html/iplaravel/modules/Admin/Repositories/ConfigSettingRepository.php(64): Illuminate\Cache\Repository->remember('ModulesAdminRep...', 60, Object(Closure))
#17 /var/www/html/iplaravel/modules/Admin/Providers/AdminAuthServiceProvider.php(60): Modules\Admin\Repositories\ConfigSettingRepository->getSettingsData()
#18 /var/www/html/iplaravel/modules/Admin/Providers/AdminAuthServiceProvider.php(50): Modules\Admin\Providers\AdminAuthServiceProvider->fetchConfigConstants()
#19 [internal function]: Modules\Admin\Providers\AdminAuthServiceProvider->boot(Object(Illuminate\Routing\Router))
#20 /var/www/html/iplaravel/vendor/laravel/framework/src/Illuminate/Container/Container.php(507): call_user_func_array(Array, Array)
#21 /var/www/html/iplaravel/vendor/laravel/framework/src/Illuminate/Foundation/Application.php(734): Illuminate\Container\Container->call(Array)
#22 /var/www/html/iplaravel/vendor/laravel/framework/src/Illuminate/Foundation/Application.php(717): Illuminate\Foundation\Application->bootProvider(Object(Modules\Admin\Providers\AdminAuthServiceProvider))
#23 [internal function]: Illuminate\Foundation\Application->Illuminate\Foundation\{closure}(Object(Modules\Admin\Providers\AdminAuthServiceProvider), 26)
#24 /var/www/html/iplaravel/vendor/laravel/framework/src/Illuminate/Foundation/Application.php(718): array_walk(Array, Object(Closure))
#25 /var/www/html/iplaravel/vendor/laravel/framework/src/Illuminate/Foundation/Bootstrap/BootProviders.php(17): Illuminate\Foundation\Application->boot()
#26 /var/www/html/iplaravel/vendor/laravel/framework/src/Illuminate/Foundation/Application.php(203): Illuminate\Foundation\Bootstrap\BootProviders->bootstrap(Object(Illuminate\Foundation\Application))
#27 /var/www/html/iplaravel/vendor/laravel/framework/src/Illuminate/Foundation/Http/Kernel.php(222): Illuminate\Foundation\Application->bootstrapWith(Array)
#28 /var/www/html/iplaravel/vendor/laravel/framework/src/Illuminate/Foundation/Http/Kernel.php(117): Illuminate\Foundation\Http\Kernel->bootstrap()
#29 /var/www/html/iplaravel/vendor/laravel/framework/src/Illuminate/Foundation/Http/Kernel.php(87): Illuminate\Foundation\Http\Kernel->sendRequestThroughRouter(Object(Illuminate\Http\Request))
#30 /var/www/html/iplaravel/public/index.php(53): Illuminate\Foundation\Http\Kernel->handle(Object(Illuminate\Http\Request))
#31 {main}  
[2019-06-30 18:09:41] local.ERROR: PDOException: SQLSTATE[HY000] [1049] Unknown database 'iplaravel' in /var/www/html/iplaravel/vendor/laravel/framework/src/Illuminate/Database/Connectors/Connector.php:55
Stack trace:
#0 /var/www/html/iplaravel/vendor/laravel/framework/src/Illuminate/Database/Connectors/Connector.php(55): PDO->__construct('mysql:host=loca...', 'dbroot', 'dbroot', Array)
#1 /var/www/html/iplaravel/vendor/laravel/framework/src/Illuminate/Database/Connectors/MySqlConnector.php(22): Illuminate\Database\Connectors\Connector->createConnection('mysql:host=loca...', Array, Array)
#2 /var/www/html/iplaravel/vendor/laravel/framework/src/Illuminate/Database/Connectors/ConnectionFactory.php(60): Illuminate\Database\Connectors\MySqlConnector->connect(Array)
#3 /var/www/html/iplaravel/vendor/laravel/framework/src/Illuminate/Database/Connectors/ConnectionFactory.php(49): Illuminate\Database\Connectors\ConnectionFactory->createSingleConnection(Array)
#4 /var/www/html/iplaravel/vendor/laravel/framework/src/Illuminate/Database/DatabaseManager.php(175): Illuminate\Database\Connectors\ConnectionFactory->make(Array, 'mysql')
#5 /var/www/html/iplaravel/vendor/laravel/framework/src/Illuminate/Database/DatabaseManager.php(67): Illuminate\Database\DatabaseManager->makeConnection('mysql')
#6 /var/www/html/iplaravel/vendor/laravel/framework/src/Illuminate/Database/Eloquent/Model.php(3224): Illuminate\Database\DatabaseManager->connection('mysql')
#7 /var/www/html/iplaravel/vendor/laravel/framework/src/Illuminate/Database/Eloquent/Model.php(3190): Illuminate\Database\Eloquent\Model::resolveConnection(NULL)
#8 /var/www/html/iplaravel/vendor/laravel/framework/src/Illuminate/Database/Eloquent/Model.php(1870): Illuminate\Database\Eloquent\Model->getConnection()
#9 /var/www/html/iplaravel/vendor/laravel/framework/src/Illuminate/Database/Eloquent/Model.php(1813): Illuminate\Database\Eloquent\Model->newBaseQueryBuilder()
#10 /var/www/html/iplaravel/vendor/laravel/framework/src/Illuminate/Database/Eloquent/Model.php(1787): Illuminate\Database\Eloquent\Model->newQueryWithoutScopes()
#11 /var/www/html/iplaravel/vendor/laravel/framework/src/Illuminate/Database/Eloquent/Model.php(3442): Illuminate\Database\Eloquent\Model->newQuery()
#12 [internal function]: Illuminate\Database\Eloquent\Model->__call('join', Array)
#13 /var/www/html/iplaravel/vendor/laravel/framework/src/Illuminate/Database/Eloquent/Model.php(3458): call_user_func_array(Array, Array)
#14 /var/www/html/iplaravel/modules/Admin/Repositories/ConfigSettingRepository.php(61): Illuminate\Database\Eloquent\Model::__callStatic('join', Array)
#15 /var/www/html/iplaravel/vendor/laravel/framework/src/Illuminate/Cache/Repository.php(206): Modules\Admin\Repositories\ConfigSettingRepository->Modules\Admin\Repositories\{closure}()
#16 /var/www/html/iplaravel/modules/Admin/Repositories/ConfigSettingRepository.php(64): Illuminate\Cache\Repository->remember('ModulesAdminRep...', 60, Object(Closure))
#17 /var/www/html/iplaravel/modules/Admin/Providers/AdminAuthServiceProvider.php(60): Modules\Admin\Repositories\ConfigSettingRepository->getSettingsData()
#18 /var/www/html/iplaravel/modules/Admin/Providers/AdminAuthServiceProvider.php(50): Modules\Admin\Providers\AdminAuthServiceProvider->fetchConfigConstants()
#19 [internal function]: Modules\Admin\Providers\AdminAuthServiceProvider->boot(Object(Illuminate\Routing\Router))
#20 /var/www/html/iplaravel/vendor/laravel/framework/src/Illuminate/Container/Container.php(507): call_user_func_array(Array, Array)
#21 /var/www/html/iplaravel/vendor/laravel/framework/src/Illuminate/Foundation/Application.php(734): Illuminate\Container\Container->call(Array)
#22 /var/www/html/iplaravel/vendor/laravel/framework/src/Illuminate/Foundation/Application.php(717): Illuminate\Foundation\Application->bootProvider(Object(Modules\Admin\Providers\AdminAuthServiceProvider))
#23 [internal function]: Illuminate\Foundation\Application->Illuminate\Foundation\{closure}(Object(Modules\Admin\Providers\AdminAuthServiceProvider), 26)
#24 /var/www/html/iplaravel/vendor/laravel/framework/src/Illuminate/Foundation/Application.php(718): array_walk(Array, Object(Closure))
#25 /var/www/html/iplaravel/vendor/laravel/framework/src/Illuminate/Foundation/Bootstrap/BootProviders.php(17): Illuminate\Foundation\Application->boot()
#26 /var/www/html/iplaravel/vendor/laravel/framework/src/Illuminate/Foundation/Application.php(203): Illuminate\Foundation\Bootstrap\BootProviders->bootstrap(Object(Illuminate\Foundation\Application))
#27 /var/www/html/iplaravel/vendor/laravel/framework/src/Illuminate/Foundation/Http/Kernel.php(222): Illuminate\Foundation\Application->bootstrapWith(Array)
#28 /var/www/html/iplaravel/vendor/laravel/framework/src/Illuminate/Foundation/Http/Kernel.php(117): Illuminate\Foundation\Http\Kernel->bootstrap()
#29 /var/www/html/iplaravel/vendor/laravel/framework/src/Illuminate/Foundation/Http/Kernel.php(87): Illuminate\Foundation\Http\Kernel->sendRequestThroughRouter(Object(Illuminate\Http\Request))
#30 /var/www/html/iplaravel/public/index.php(53): Illuminate\Foundation\Http\Kernel->handle(Object(Illuminate\Http\Request))
#31 {main}  
[2019-06-30 18:10:14] local.ERROR: PDOException: SQLSTATE[HY000] [1049] Unknown database 'iplaravel' in /var/www/html/iplaravel/vendor/laravel/framework/src/Illuminate/Database/Connectors/Connector.php:55
Stack trace:
#0 /var/www/html/iplaravel/vendor/laravel/framework/src/Illuminate/Database/Connectors/Connector.php(55): PDO->__construct('mysql:host=loca...', 'dbroot', 'dbroot', Array)
#1 /var/www/html/iplaravel/vendor/laravel/framework/src/Illuminate/Database/Connectors/MySqlConnector.php(22): Illuminate\Database\Connectors\Connector->createConnection('mysql:host=loca...', Array, Array)
#2 /var/www/html/iplaravel/vendor/laravel/framework/src/Illuminate/Database/Connectors/ConnectionFactory.php(60): Illuminate\Database\Connectors\MySqlConnector->connect(Array)
#3 /var/www/html/iplaravel/vendor/laravel/framework/src/Illuminate/Database/Connectors/ConnectionFactory.php(49): Illuminate\Database\Connectors\ConnectionFactory->createSingleConnection(Array)
#4 /var/www/html/iplaravel/vendor/laravel/framework/src/Illuminate/Database/DatabaseManager.php(175): Illuminate\Database\Connectors\ConnectionFactory->make(Array, 'mysql')
#5 /var/www/html/iplaravel/vendor/laravel/framework/src/Illuminate/Database/DatabaseManager.php(67): Illuminate\Database\DatabaseManager->makeConnection('mysql')
#6 /var/www/html/iplaravel/vendor/laravel/framework/src/Illuminate/Database/Eloquent/Model.php(3224): Illuminate\Database\DatabaseManager->connection('mysql')
#7 /var/www/html/iplaravel/vendor/laravel/framework/src/Illuminate/Database/Eloquent/Model.php(3190): Illuminate\Database\Eloquent\Model::resolveConnection(NULL)
#8 /var/www/html/iplaravel/vendor/laravel/framework/src/Illuminate/Database/Eloquent/Model.php(1870): Illuminate\Database\Eloquent\Model->getConnection()
#9 /var/www/html/iplaravel/vendor/laravel/framework/src/Illuminate/Database/Eloquent/Model.php(1813): Illuminate\Database\Eloquent\Model->newBaseQueryBuilder()
#10 /var/www/html/iplaravel/vendor/laravel/framework/src/Illuminate/Database/Eloquent/Model.php(1787): Illuminate\Database\Eloquent\Model->newQueryWithoutScopes()
#11 /var/www/html/iplaravel/vendor/laravel/framework/src/Illuminate/Database/Eloquent/Model.php(3442): Illuminate\Database\Eloquent\Model->newQuery()
#12 [internal function]: Illuminate\Database\Eloquent\Model->__call('join', Array)
#13 /var/www/html/iplaravel/vendor/laravel/framework/src/Illuminate/Database/Eloquent/Model.php(3458): call_user_func_array(Array, Array)
#14 /var/www/html/iplaravel/modules/Admin/Repositories/ConfigSettingRepository.php(61): Illuminate\Database\Eloquent\Model::__callStatic('join', Array)
#15 /var/www/html/iplaravel/vendor/laravel/framework/src/Illuminate/Cache/Repository.php(206): Modules\Admin\Repositories\ConfigSettingRepository->Modules\Admin\Repositories\{closure}()
#16 /var/www/html/iplaravel/modules/Admin/Repositories/ConfigSettingRepository.php(64): Illuminate\Cache\Repository->remember('ModulesAdminRep...', 60, Object(Closure))
#17 /var/www/html/iplaravel/modules/Admin/Providers/AdminAuthServiceProvider.php(60): Modules\Admin\Repositories\ConfigSettingRepository->getSettingsData()
#18 /var/www/html/iplaravel/modules/Admin/Providers/AdminAuthServiceProvider.php(50): Modules\Admin\Providers\AdminAuthServiceProvider->fetchConfigConstants()
#19 [internal function]: Modules\Admin\Providers\AdminAuthServiceProvider->boot(Object(Illuminate\Routing\Router))
#20 /var/www/html/iplaravel/vendor/laravel/framework/src/Illuminate/Container/Container.php(507): call_user_func_array(Array, Array)
#21 /var/www/html/iplaravel/vendor/laravel/framework/src/Illuminate/Foundation/Application.php(734): Illuminate\Container\Container->call(Array)
#22 /var/www/html/iplaravel/vendor/laravel/framework/src/Illuminate/Foundation/Application.php(717): Illuminate\Foundation\Application->bootProvider(Object(Modules\Admin\Providers\AdminAuthServiceProvider))
#23 [internal function]: Illuminate\Foundation\Application->Illuminate\Foundation\{closure}(Object(Modules\Admin\Providers\AdminAuthServiceProvider), 26)
#24 /var/www/html/iplaravel/vendor/laravel/framework/src/Illuminate/Foundation/Application.php(718): array_walk(Array, Object(Closure))
#25 /var/www/html/iplaravel/vendor/laravel/framework/src/Illuminate/Foundation/Bootstrap/BootProviders.php(17): Illuminate\Foundation\Application->boot()
#26 /var/www/html/iplaravel/vendor/laravel/framework/src/Illuminate/Foundation/Application.php(203): Illuminate\Foundation\Bootstrap\BootProviders->bootstrap(Object(Illuminate\Foundation\Application))
#27 /var/www/html/iplaravel/vendor/laravel/framework/src/Illuminate/Foundation/Http/Kernel.php(222): Illuminate\Foundation\Application->bootstrapWith(Array)
#28 /var/www/html/iplaravel/vendor/laravel/framework/src/Illuminate/Foundation/Http/Kernel.php(117): Illuminate\Foundation\Http\Kernel->bootstrap()
#29 /var/www/html/iplaravel/vendor/laravel/framework/src/Illuminate/Foundation/Http/Kernel.php(87): Illuminate\Foundation\Http\Kernel->sendRequestThroughRouter(Object(Illuminate\Http\Request))
#30 /var/www/html/iplaravel/public/index.php(53): Illuminate\Foundation\Http\Kernel->handle(Object(Illuminate\Http\Request))
#31 {main}  
[2019-06-30 18:10:26] local.ERROR: PDOException: SQLSTATE[42S02]: Base table or view not found: 1146 Table 'sglaravel.config_settings' doesn't exist in /var/www/html/iplaravel/vendor/laravel/framework/src/Illuminate/Database/Connection.php:319
Stack trace:
#0 /var/www/html/iplaravel/vendor/laravel/framework/src/Illuminate/Database/Connection.php(319): PDO->prepare('select `config_...')
#1 /var/www/html/iplaravel/vendor/laravel/framework/src/Illuminate/Database/Connection.php(655): Illuminate\Database\Connection->Illuminate\Database\{closure}(Object(Illuminate\Database\MySqlConnection), 'select `config_...', Array)
#2 /var/www/html/iplaravel/vendor/laravel/framework/src/Illuminate/Database/Connection.php(618): Illuminate\Database\Connection->runQueryCallback('select `config_...', Array, Object(Closure))
#3 /var/www/html/iplaravel/vendor/laravel/framework/src/Illuminate/Database/Connection.php(324): Illuminate\Database\Connection->run('select `config_...', Array, Object(Closure))
#4 /var/www/html/iplaravel/vendor/laravel/framework/src/Illuminate/Database/Query/Builder.php(1431): Illuminate\Database\Connection->select('select `config_...', Array, true)
#5 /var/www/html/iplaravel/vendor/laravel/framework/src/Illuminate/Database/Query/Builder.php(1408): Illuminate\Database\Query\Builder->runSelect()
#6 /var/www/html/iplaravel/vendor/laravel/framework/src/Illuminate/Database/Eloquent/Builder.php(477): Illuminate\Database\Query\Builder->get(Array)
#7 /var/www/html/iplaravel/vendor/laravel/framework/src/Illuminate/Database/Eloquent/Builder.php(234): Illuminate\Database\Eloquent\Builder->getModels(Array)
#8 /var/www/html/iplaravel/modules/Admin/Repositories/ConfigSettingRepository.php(63): Illuminate\Database\Eloquent\Builder->get()
#9 /var/www/html/iplaravel/vendor/laravel/framework/src/Illuminate/Cache/Repository.php(206): Modules\Admin\Repositories\ConfigSettingRepository->Modules\Admin\Repositories\{closure}()
#10 /var/www/html/iplaravel/modules/Admin/Repositories/ConfigSettingRepository.php(64): Illuminate\Cache\Repository->remember('ModulesAdminRep...', 60, Object(Closure))
#11 /var/www/html/iplaravel/modules/Admin/Providers/AdminAuthServiceProvider.php(60): Modules\Admin\Repositories\ConfigSettingRepository->getSettingsData()
#12 /var/www/html/iplaravel/modules/Admin/Providers/AdminAuthServiceProvider.php(50): Modules\Admin\Providers\AdminAuthServiceProvider->fetchConfigConstants()
#13 [internal function]: Modules\Admin\Providers\AdminAuthServiceProvider->boot(Object(Illuminate\Routing\Router))
#14 /var/www/html/iplaravel/vendor/laravel/framework/src/Illuminate/Container/Container.php(507): call_user_func_array(Array, Array)
#15 /var/www/html/iplaravel/vendor/laravel/framework/src/Illuminate/Foundation/Application.php(734): Illuminate\Container\Container->call(Array)
#16 /var/www/html/iplaravel/vendor/laravel/framework/src/Illuminate/Foundation/Application.php(717): Illuminate\Foundation\Application->bootProvider(Object(Modules\Admin\Providers\AdminAuthServiceProvider))
#17 [internal function]: Illuminate\Foundation\Application->Illuminate\Foundation\{closure}(Object(Modules\Admin\Providers\AdminAuthServiceProvider), 26)
#18 /var/www/html/iplaravel/vendor/laravel/framework/src/Illuminate/Foundation/Application.php(718): array_walk(Array, Object(Closure))
#19 /var/www/html/iplaravel/vendor/laravel/framework/src/Illuminate/Foundation/Bootstrap/BootProviders.php(17): Illuminate\Foundation\Application->boot()
#20 /var/www/html/iplaravel/vendor/laravel/framework/src/Illuminate/Foundation/Application.php(203): Illuminate\Foundation\Bootstrap\BootProviders->bootstrap(Object(Illuminate\Foundation\Application))
#21 /var/www/html/iplaravel/vendor/laravel/framework/src/Illuminate/Foundation/Http/Kernel.php(222): Illuminate\Foundation\Application->bootstrapWith(Array)
#22 /var/www/html/iplaravel/vendor/laravel/framework/src/Illuminate/Foundation/Http/Kernel.php(117): Illuminate\Foundation\Http\Kernel->bootstrap()
#23 /var/www/html/iplaravel/vendor/laravel/framework/src/Illuminate/Foundation/Http/Kernel.php(87): Illuminate\Foundation\Http\Kernel->sendRequestThroughRouter(Object(Illuminate\Http\Request))
#24 /var/www/html/iplaravel/public/index.php(53): Illuminate\Foundation\Http\Kernel->handle(Object(Illuminate\Http\Request))
#25 {main}

Next Illuminate\Database\QueryException: SQLSTATE[42S02]: Base table or view not found: 1146 Table 'sglaravel.config_settings' doesn't exist (SQL: select `config_settings`.`id`, `config_categories`.`category`, `config_category_id`, `description`, `config_constant`, `config_value` from `config_settings` inner join `config_categories` on `config_settings`.`config_category_id` = `config_categories`.`id` order by `config_categories`.`id` asc) in /var/www/html/iplaravel/vendor/laravel/framework/src/Illuminate/Database/Connection.php:662
Stack trace:
#0 /var/www/html/iplaravel/vendor/laravel/framework/src/Illuminate/Database/Connection.php(618): Illuminate\Database\Connection->runQueryCallback('select `config_...', Array, Object(Closure))
#1 /var/www/html/iplaravel/vendor/laravel/framework/src/Illuminate/Database/Connection.php(324): Illuminate\Database\Connection->run('select `config_...', Array, Object(Closure))
#2 /var/www/html/iplaravel/vendor/laravel/framework/src/Illuminate/Database/Query/Builder.php(1431): Illuminate\Database\Connection->select('select `config_...', Array, true)
#3 /var/www/html/iplaravel/vendor/laravel/framework/src/Illuminate/Database/Query/Builder.php(1408): Illuminate\Database\Query\Builder->runSelect()
#4 /var/www/html/iplaravel/vendor/laravel/framework/src/Illuminate/Database/Eloquent/Builder.php(477): Illuminate\Database\Query\Builder->get(Array)
#5 /var/www/html/iplaravel/vendor/laravel/framework/src/Illuminate/Database/Eloquent/Builder.php(234): Illuminate\Database\Eloquent\Builder->getModels(Array)
#6 /var/www/html/iplaravel/modules/Admin/Repositories/ConfigSettingRepository.php(63): Illuminate\Database\Eloquent\Builder->get()
#7 /var/www/html/iplaravel/vendor/laravel/framework/src/Illuminate/Cache/Repository.php(206): Modules\Admin\Repositories\ConfigSettingRepository->Modules\Admin\Repositories\{closure}()
#8 /var/www/html/iplaravel/modules/Admin/Repositories/ConfigSettingRepository.php(64): Illuminate\Cache\Repository->remember('ModulesAdminRep...', 60, Object(Closure))
#9 /var/www/html/iplaravel/modules/Admin/Providers/AdminAuthServiceProvider.php(60): Modules\Admin\Repositories\ConfigSettingRepository->getSettingsData()
#10 /var/www/html/iplaravel/modules/Admin/Providers/AdminAuthServiceProvider.php(50): Modules\Admin\Providers\AdminAuthServiceProvider->fetchConfigConstants()
#11 [internal function]: Modules\Admin\Providers\AdminAuthServiceProvider->boot(Object(Illuminate\Routing\Router))
#12 /var/www/html/iplaravel/vendor/laravel/framework/src/Illuminate/Container/Container.php(507): call_user_func_array(Array, Array)
#13 /var/www/html/iplaravel/vendor/laravel/framework/src/Illuminate/Foundation/Application.php(734): Illuminate\Container\Container->call(Array)
#14 /var/www/html/iplaravel/vendor/laravel/framework/src/Illuminate/Foundation/Application.php(717): Illuminate\Foundation\Application->bootProvider(Object(Modules\Admin\Providers\AdminAuthServiceProvider))
#15 [internal function]: Illuminate\Foundation\Application->Illuminate\Foundation\{closure}(Object(Modules\Admin\Providers\AdminAuthServiceProvider), 26)
#16 /var/www/html/iplaravel/vendor/laravel/framework/src/Illuminate/Foundation/Application.php(718): array_walk(Array, Object(Closure))
#17 /var/www/html/iplaravel/vendor/laravel/framework/src/Illuminate/Foundation/Bootstrap/BootProviders.php(17): Illuminate\Foundation\Application->boot()
#18 /var/www/html/iplaravel/vendor/laravel/framework/src/Illuminate/Foundation/Application.php(203): Illuminate\Foundation\Bootstrap\BootProviders->bootstrap(Object(Illuminate\Foundation\Application))
#19 /var/www/html/iplaravel/vendor/laravel/framework/src/Illuminate/Foundation/Http/Kernel.php(222): Illuminate\Foundation\Application->bootstrapWith(Array)
#20 /var/www/html/iplaravel/vendor/laravel/framework/src/Illuminate/Foundation/Http/Kernel.php(117): Illuminate\Foundation\Http\Kernel->bootstrap()
#21 /var/www/html/iplaravel/vendor/laravel/framework/src/Illuminate/Foundation/Http/Kernel.php(87): Illuminate\Foundation\Http\Kernel->sendRequestThroughRouter(Object(Illuminate\Http\Request))
#22 /var/www/html/iplaravel/public/index.php(53): Illuminate\Foundation\Http\Kernel->handle(Object(Illuminate\Http\Request))
#23 {main}  
