[2016-07-11 14:57:58] local.ERROR: exception 'Symfony\Component\Debug\Exception\FatalErrorException' with message 'Class 'Memcached' not found' in /var/www/html/sglaravel/vendor/laravel/framework/src/Illuminate/Cache/MemcachedConnector.php:51
Stack trace:
#0 {main}  
[2016-07-11 15:13:42] local.ERROR: exception 'PDOException' with message 'SQLSTATE[23000]: Integrity constraint violation: 1062 Duplicate entry 'Frontend Features' for key 'menu_groups_name_unique'' in /var/www/html/sglaravel/vendor/laravel/framework/src/Illuminate/Database/Connection.php:432
Stack trace:
#0 /var/www/html/sglaravel/vendor/laravel/framework/src/Illuminate/Database/Connection.php(432): PDO->exec('INSERT INTO `me...')
#1 /var/www/html/sglaravel/vendor/laravel/framework/src/Illuminate/Database/Connection.php(655): Illuminate\Database\Connection->Illuminate\Database\{closure}(Object(Illuminate\Database\MySqlConnection), 'INSERT INTO `me...', Array)
#2 /var/www/html/sglaravel/vendor/laravel/framework/src/Illuminate/Database/Connection.php(618): Illuminate\Database\Connection->runQueryCallback('INSERT INTO `me...', Array, Object(Closure))
#3 /var/www/html/sglaravel/vendor/laravel/framework/src/Illuminate/Database/Connection.php(433): Illuminate\Database\Connection->run('INSERT INTO `me...', Array, Object(Closure))
#4 [internal function]: Illuminate\Database\Connection->unprepared('INSERT INTO `me...')
#5 /var/www/html/sglaravel/vendor/laravel/framework/src/Illuminate/Database/DatabaseManager.php(296): call_user_func_array(Array, Array)
#6 /var/www/html/sglaravel/vendor/laravel/framework/src/Illuminate/Support/Facades/Facade.php(215): Illuminate\Database\DatabaseManager->__call('unprepared', Array)
#7 /var/www/html/sglaravel/vendor/laravel/framework/src/Illuminate/Support/Facades/Facade.php(215): Illuminate\Database\DatabaseManager->unprepared('INSERT INTO `me...')
#8 /var/www/html/sglaravel/modules/Admin/Database/Seeders/MenuGroupsTableSeeder.php(19): Illuminate\Support\Facades\Facade::__callStatic('unprepared', Array)
#9 /var/www/html/sglaravel/modules/Admin/Database/Seeders/MenuGroupsTableSeeder.php(19): Illuminate\Support\Facades\DB::unprepared('INSERT INTO `me...')
#10 /var/www/html/sglaravel/vendor/laravel/framework/src/Illuminate/Database/Seeder.php(42): Modules\Admin\Database\Seeders\MenuGroupsTableSeeder->run()
#11 /var/www/html/sglaravel/modules/Admin/Database/Seeders/AdminDatabaseSeeder.php(24): Illuminate\Database\Seeder->call('Modules\\Admin\\D...')
#12 /var/www/html/sglaravel/vendor/laravel/framework/src/Illuminate/Database/Console/Seeds/SeedCommand.php(61): Modules\Admin\Database\Seeders\AdminDatabaseSeeder->run()
#13 [internal function]: Illuminate\Database\Console\Seeds\SeedCommand->fire()
#14 /var/www/html/sglaravel/vendor/laravel/framework/src/Illuminate/Container/Container.php(507): call_user_func_array(Array, Array)
#15 /var/www/html/sglaravel/vendor/laravel/framework/src/Illuminate/Console/Command.php(150): Illuminate\Container\Container->call(Array)
#16 /var/www/html/sglaravel/vendor/symfony/console/Command/Command.php(256): Illuminate\Console\Command->execute(Object(Symfony\Component\Console\Input\ArrayInput), Object(Illuminate\Console\OutputStyle))
#17 /var/www/html/sglaravel/vendor/laravel/framework/src/Illuminate/Console/Command.php(136): Symfony\Component\Console\Command\Command->run(Object(Symfony\Component\Console\Input\ArrayInput), Object(Illuminate\Console\OutputStyle))
#18 /var/www/html/sglaravel/vendor/laravel/framework/src/Illuminate/Console/Command.php(166): Illuminate\Console\Command->run(Object(Symfony\Component\Console\Input\ArrayInput), Object(Illuminate\Console\OutputStyle))
#19 /var/www/html/sglaravel/vendor/pingpong/sky/src/Pingpong/Modules/Commands/SeedCommand.php(74): Illuminate\Console\Command->call('db:seed', Array)
#20 /var/www/html/sglaravel/vendor/pingpong/sky/src/Pingpong/Modules/Commands/SeedCommand.php(42): Pingpong\Modules\Commands\SeedCommand->dbseed('Admin')
#21 [internal function]: Pingpong\Modules\Commands\SeedCommand->fire()
#22 /var/www/html/sglaravel/vendor/laravel/framework/src/Illuminate/Container/Container.php(507): call_user_func_array(Array, Array)
#23 /var/www/html/sglaravel/vendor/laravel/framework/src/Illuminate/Console/Command.php(150): Illuminate\Container\Container->call(Array)
#24 /var/www/html/sglaravel/vendor/symfony/console/Command/Command.php(256): Illuminate\Console\Command->execute(Object(Symfony\Component\Console\Input\ArgvInput), Object(Symfony\Component\Console\Output\ConsoleOutput))
#25 /var/www/html/sglaravel/vendor/laravel/framework/src/Illuminate/Console/Command.php(136): Symfony\Component\Console\Command\Command->run(Object(Symfony\Component\Console\Input\ArgvInput), Object(Symfony\Component\Console\Output\ConsoleOutput))
#26 /var/www/html/sglaravel/vendor/symfony/console/Application.php(841): Illuminate\Console\Command->run(Object(Symfony\Component\Console\Input\ArgvInput), Object(Symfony\Component\Console\Output\ConsoleOutput))
#27 /var/www/html/sglaravel/vendor/symfony/console/Application.php(189): Symfony\Component\Console\Application->doRunCommand(Object(Pingpong\Modules\Commands\SeedCommand), Object(Symfony\Component\Console\Input\ArgvInput), Object(Symfony\Component\Console\Output\ConsoleOutput))
#28 /var/www/html/sglaravel/vendor/symfony/console/Application.php(120): Symfony\Component\Console\Application->doRun(Object(Symfony\Component\Console\Input\ArgvInput), Object(Symfony\Component\Console\Output\ConsoleOutput))
#29 /var/www/html/sglaravel/vendor/laravel/framework/src/Illuminate/Foundation/Console/Kernel.php(107): Symfony\Component\Console\Application->run(Object(Symfony\Component\Console\Input\ArgvInput), Object(Symfony\Component\Console\Output\ConsoleOutput))
#30 /var/www/html/sglaravel/artisan(36): Illuminate\Foundation\Console\Kernel->handle(Object(Symfony\Component\Console\Input\ArgvInput), Object(Symfony\Component\Console\Output\ConsoleOutput))
#31 {main}

Next exception 'Illuminate\Database\QueryException' with message 'SQLSTATE[23000]: Integrity constraint violation: 1062 Duplicate entry 'Frontend Features' for key 'menu_groups_name_unique' (SQL: INSERT INTO `menu_groups` (`name`, `position`, `created_by`, `updated_by`, `created_at`, `updated_at`) VALUES
('Frontend Features', 1, 1, 1, '0000-00-00 00:00:00', '0000-00-00 00:00:00'),
('Admin Management', 2, 1, 1, '0000-00-00 00:00:00', '0000-00-00 00:00:00'),
('Frontend Master Tables', 3, 1, 0, '0000-00-00 00:00:00', '0000-00-00 00:00:00');
)' in /var/www/html/sglaravel/vendor/laravel/framework/src/Illuminate/Database/Connection.php:662
Stack trace:
#0 /var/www/html/sglaravel/vendor/laravel/framework/src/Illuminate/Database/Connection.php(618): Illuminate\Database\Connection->runQueryCallback('INSERT INTO `me...', Array, Object(Closure))
#1 /var/www/html/sglaravel/vendor/laravel/framework/src/Illuminate/Database/Connection.php(433): Illuminate\Database\Connection->run('INSERT INTO `me...', Array, Object(Closure))
#2 [internal function]: Illuminate\Database\Connection->unprepared('INSERT INTO `me...')
#3 /var/www/html/sglaravel/vendor/laravel/framework/src/Illuminate/Database/DatabaseManager.php(296): call_user_func_array(Array, Array)
#4 /var/www/html/sglaravel/vendor/laravel/framework/src/Illuminate/Support/Facades/Facade.php(215): Illuminate\Database\DatabaseManager->__call('unprepared', Array)
#5 /var/www/html/sglaravel/vendor/laravel/framework/src/Illuminate/Support/Facades/Facade.php(215): Illuminate\Database\DatabaseManager->unprepared('INSERT INTO `me...')
#6 /var/www/html/sglaravel/modules/Admin/Database/Seeders/MenuGroupsTableSeeder.php(19): Illuminate\Support\Facades\Facade::__callStatic('unprepared', Array)
#7 /var/www/html/sglaravel/modules/Admin/Database/Seeders/MenuGroupsTableSeeder.php(19): Illuminate\Support\Facades\DB::unprepared('INSERT INTO `me...')
#8 /var/www/html/sglaravel/vendor/laravel/framework/src/Illuminate/Database/Seeder.php(42): Modules\Admin\Database\Seeders\MenuGroupsTableSeeder->run()
#9 /var/www/html/sglaravel/modules/Admin/Database/Seeders/AdminDatabaseSeeder.php(24): Illuminate\Database\Seeder->call('Modules\\Admin\\D...')
#10 /var/www/html/sglaravel/vendor/laravel/framework/src/Illuminate/Database/Console/Seeds/SeedCommand.php(61): Modules\Admin\Database\Seeders\AdminDatabaseSeeder->run()
#11 [internal function]: Illuminate\Database\Console\Seeds\SeedCommand->fire()
#12 /var/www/html/sglaravel/vendor/laravel/framework/src/Illuminate/Container/Container.php(507): call_user_func_array(Array, Array)
#13 /var/www/html/sglaravel/vendor/laravel/framework/src/Illuminate/Console/Command.php(150): Illuminate\Container\Container->call(Array)
#14 /var/www/html/sglaravel/vendor/symfony/console/Command/Command.php(256): Illuminate\Console\Command->execute(Object(Symfony\Component\Console\Input\ArrayInput), Object(Illuminate\Console\OutputStyle))
#15 /var/www/html/sglaravel/vendor/laravel/framework/src/Illuminate/Console/Command.php(136): Symfony\Component\Console\Command\Command->run(Object(Symfony\Component\Console\Input\ArrayInput), Object(Illuminate\Console\OutputStyle))
#16 /var/www/html/sglaravel/vendor/laravel/framework/src/Illuminate/Console/Command.php(166): Illuminate\Console\Command->run(Object(Symfony\Component\Console\Input\ArrayInput), Object(Illuminate\Console\OutputStyle))
#17 /var/www/html/sglaravel/vendor/pingpong/sky/src/Pingpong/Modules/Commands/SeedCommand.php(74): Illuminate\Console\Command->call('db:seed', Array)
#18 /var/www/html/sglaravel/vendor/pingpong/sky/src/Pingpong/Modules/Commands/SeedCommand.php(42): Pingpong\Modules\Commands\SeedCommand->dbseed('Admin')
#19 [internal function]: Pingpong\Modules\Commands\SeedCommand->fire()
#20 /var/www/html/sglaravel/vendor/laravel/framework/src/Illuminate/Container/Container.php(507): call_user_func_array(Array, Array)
#21 /var/www/html/sglaravel/vendor/laravel/framework/src/Illuminate/Console/Command.php(150): Illuminate\Container\Container->call(Array)
#22 /var/www/html/sglaravel/vendor/symfony/console/Command/Command.php(256): Illuminate\Console\Command->execute(Object(Symfony\Component\Console\Input\ArgvInput), Object(Symfony\Component\Console\Output\ConsoleOutput))
#23 /var/www/html/sglaravel/vendor/laravel/framework/src/Illuminate/Console/Command.php(136): Symfony\Component\Console\Command\Command->run(Object(Symfony\Component\Console\Input\ArgvInput), Object(Symfony\Component\Console\Output\ConsoleOutput))
#24 /var/www/html/sglaravel/vendor/symfony/console/Application.php(841): Illuminate\Console\Command->run(Object(Symfony\Component\Console\Input\ArgvInput), Object(Symfony\Component\Console\Output\ConsoleOutput))
#25 /var/www/html/sglaravel/vendor/symfony/console/Application.php(189): Symfony\Component\Console\Application->doRunCommand(Object(Pingpong\Modules\Commands\SeedCommand), Object(Symfony\Component\Console\Input\ArgvInput), Object(Symfony\Component\Console\Output\ConsoleOutput))
#26 /var/www/html/sglaravel/vendor/symfony/console/Application.php(120): Symfony\Component\Console\Application->doRun(Object(Symfony\Component\Console\Input\ArgvInput), Object(Symfony\Component\Console\Output\ConsoleOutput))
#27 /var/www/html/sglaravel/vendor/laravel/framework/src/Illuminate/Foundation/Console/Kernel.php(107): Symfony\Component\Console\Application->run(Object(Symfony\Component\Console\Input\ArgvInput), Object(Symfony\Component\Console\Output\ConsoleOutput))
#28 /var/www/html/sglaravel/artisan(36): Illuminate\Foundation\Console\Kernel->handle(Object(Symfony\Component\Console\Input\ArgvInput), Object(Symfony\Component\Console\Output\ConsoleOutput))
#29 {main}  
[2016-07-11 15:17:38] local.ERROR: exception 'PDOException' with message 'SQLSTATE[HY000]: General error: 1553 Cannot drop index 'link_categories_menu_group_id_foreign': needed in a foreign key constraint' in /var/www/html/sglaravel/vendor/laravel/framework/src/Illuminate/Database/Connection.php:390
Stack trace:
#0 /var/www/html/sglaravel/vendor/laravel/framework/src/Illuminate/Database/Connection.php(390): PDOStatement->execute(Array)
#1 /var/www/html/sglaravel/vendor/laravel/framework/src/Illuminate/Database/Connection.php(655): Illuminate\Database\Connection->Illuminate\Database\{closure}(Object(Illuminate\Database\MySqlConnection), 'alter table `li...', Array)
#2 /var/www/html/sglaravel/vendor/laravel/framework/src/Illuminate/Database/Connection.php(618): Illuminate\Database\Connection->runQueryCallback('alter table `li...', Array, Object(Closure))
#3 /var/www/html/sglaravel/vendor/laravel/framework/src/Illuminate/Database/Connection.php(391): Illuminate\Database\Connection->run('alter table `li...', Array, Object(Closure))
#4 /var/www/html/sglaravel/vendor/laravel/framework/src/Illuminate/Database/Schema/Blueprint.php(83): Illuminate\Database\Connection->statement('alter table `li...')
#5 /var/www/html/sglaravel/vendor/laravel/framework/src/Illuminate/Database/Schema/Builder.php(191): Illuminate\Database\Schema\Blueprint->build(Object(Illuminate\Database\MySqlConnection), Object(Illuminate\Database\Schema\Grammars\MySqlGrammar))
#6 /var/www/html/sglaravel/vendor/laravel/framework/src/Illuminate/Database/Schema/Builder.php(116): Illuminate\Database\Schema\Builder->build(Object(Illuminate\Database\Schema\Blueprint))
#7 /var/www/html/sglaravel/vendor/laravel/framework/src/Illuminate/Support/Facades/Facade.php(217): Illuminate\Database\Schema\Builder->table('link_categories', Object(Closure))
#8 /var/www/html/sglaravel/modules/Admin/Database/Migrations/2016_02_13_053656_create_link_categories_table.php(31): Illuminate\Support\Facades\Facade::__callStatic('table', Array)
#9 /var/www/html/sglaravel/modules/Admin/Database/Migrations/2016_02_13_053656_create_link_categories_table.php(31): Illuminate\Support\Facades\Schema::table('link_categories', Object(Closure))
#10 /var/www/html/sglaravel/vendor/pingpong/sky/src/Pingpong/Modules/Migrations/Migrator.php(143): CreateLinkCategoriesTable->down()
#11 /var/www/html/sglaravel/vendor/pingpong/sky/src/Pingpong/Modules/Migrations/Migrator.php(127): Pingpong\Modules\Migrations\Migrator->down('2016_02_13_0536...')
#12 /var/www/html/sglaravel/vendor/pingpong/sky/src/Pingpong/Modules/Commands/MigrateResetCommand.php(64): Pingpong\Modules\Migrations\Migrator->reset()
#13 /var/www/html/sglaravel/vendor/pingpong/sky/src/Pingpong/Modules/Commands/MigrateResetCommand.php(39): Pingpong\Modules\Commands\MigrateResetCommand->reset('Admin')
#14 [internal function]: Pingpong\Modules\Commands\MigrateResetCommand->fire()
#15 /var/www/html/sglaravel/vendor/laravel/framework/src/Illuminate/Container/Container.php(507): call_user_func_array(Array, Array)
#16 /var/www/html/sglaravel/vendor/laravel/framework/src/Illuminate/Console/Command.php(150): Illuminate\Container\Container->call(Array)
#17 /var/www/html/sglaravel/vendor/symfony/console/Command/Command.php(256): Illuminate\Console\Command->execute(Object(Symfony\Component\Console\Input\ArrayInput), Object(Illuminate\Console\OutputStyle))
#18 /var/www/html/sglaravel/vendor/laravel/framework/src/Illuminate/Console/Command.php(136): Symfony\Component\Console\Command\Command->run(Object(Symfony\Component\Console\Input\ArrayInput), Object(Illuminate\Console\OutputStyle))
#19 /var/www/html/sglaravel/vendor/laravel/framework/src/Illuminate/Console/Command.php(166): Illuminate\Console\Command->run(Object(Symfony\Component\Console\Input\ArrayInput), Object(Illuminate\Console\OutputStyle))
#20 /var/www/html/sglaravel/vendor/pingpong/sky/src/Pingpong/Modules/Commands/MigrateRefreshCommand.php(39): Illuminate\Console\Command->call('module:migrate-...', Array)
#21 [internal function]: Pingpong\Modules\Commands\MigrateRefreshCommand->fire()
#22 /var/www/html/sglaravel/vendor/laravel/framework/src/Illuminate/Container/Container.php(507): call_user_func_array(Array, Array)
#23 /var/www/html/sglaravel/vendor/laravel/framework/src/Illuminate/Console/Command.php(150): Illuminate\Container\Container->call(Array)
#24 /var/www/html/sglaravel/vendor/symfony/console/Command/Command.php(256): Illuminate\Console\Command->execute(Object(Symfony\Component\Console\Input\ArgvInput), Object(Symfony\Component\Console\Output\ConsoleOutput))
#25 /var/www/html/sglaravel/vendor/laravel/framework/src/Illuminate/Console/Command.php(136): Symfony\Component\Console\Command\Command->run(Object(Symfony\Component\Console\Input\ArgvInput), Object(Symfony\Component\Console\Output\ConsoleOutput))
#26 /var/www/html/sglaravel/vendor/symfony/console/Application.php(841): Illuminate\Console\Command->run(Object(Symfony\Component\Console\Input\ArgvInput), Object(Symfony\Component\Console\Output\ConsoleOutput))
#27 /var/www/html/sglaravel/vendor/symfony/console/Application.php(189): Symfony\Component\Console\Application->doRunCommand(Object(Pingpong\Modules\Commands\MigrateRefreshCommand), Object(Symfony\Component\Console\Input\ArgvInput), Object(Symfony\Component\Console\Output\ConsoleOutput))
#28 /var/www/html/sglaravel/vendor/symfony/console/Application.php(120): Symfony\Component\Console\Application->doRun(Object(Symfony\Component\Console\Input\ArgvInput), Object(Symfony\Component\Console\Output\ConsoleOutput))
#29 /var/www/html/sglaravel/vendor/laravel/framework/src/Illuminate/Foundation/Console/Kernel.php(107): Symfony\Component\Console\Application->run(Object(Symfony\Component\Console\Input\ArgvInput), Object(Symfony\Component\Console\Output\ConsoleOutput))
#30 /var/www/html/sglaravel/artisan(36): Illuminate\Foundation\Console\Kernel->handle(Object(Symfony\Component\Console\Input\ArgvInput), Object(Symfony\Component\Console\Output\ConsoleOutput))
#31 {main}

Next exception 'Illuminate\Database\QueryException' with message 'SQLSTATE[HY000]: General error: 1553 Cannot drop index 'link_categories_menu_group_id_foreign': needed in a foreign key constraint (SQL: alter table `link_categories` drop `menu_group_id`)' in /var/www/html/sglaravel/vendor/laravel/framework/src/Illuminate/Database/Connection.php:662
Stack trace:
#0 /var/www/html/sglaravel/vendor/laravel/framework/src/Illuminate/Database/Connection.php(618): Illuminate\Database\Connection->runQueryCallback('alter table `li...', Array, Object(Closure))
#1 /var/www/html/sglaravel/vendor/laravel/framework/src/Illuminate/Database/Connection.php(391): Illuminate\Database\Connection->run('alter table `li...', Array, Object(Closure))
#2 /var/www/html/sglaravel/vendor/laravel/framework/src/Illuminate/Database/Schema/Blueprint.php(83): Illuminate\Database\Connection->statement('alter table `li...')
#3 /var/www/html/sglaravel/vendor/laravel/framework/src/Illuminate/Database/Schema/Builder.php(191): Illuminate\Database\Schema\Blueprint->build(Object(Illuminate\Database\MySqlConnection), Object(Illuminate\Database\Schema\Grammars\MySqlGrammar))
#4 /var/www/html/sglaravel/vendor/laravel/framework/src/Illuminate/Database/Schema/Builder.php(116): Illuminate\Database\Schema\Builder->build(Object(Illuminate\Database\Schema\Blueprint))
#5 /var/www/html/sglaravel/vendor/laravel/framework/src/Illuminate/Support/Facades/Facade.php(217): Illuminate\Database\Schema\Builder->table('link_categories', Object(Closure))
#6 /var/www/html/sglaravel/modules/Admin/Database/Migrations/2016_02_13_053656_create_link_categories_table.php(31): Illuminate\Support\Facades\Facade::__callStatic('table', Array)
#7 /var/www/html/sglaravel/modules/Admin/Database/Migrations/2016_02_13_053656_create_link_categories_table.php(31): Illuminate\Support\Facades\Schema::table('link_categories', Object(Closure))
#8 /var/www/html/sglaravel/vendor/pingpong/sky/src/Pingpong/Modules/Migrations/Migrator.php(143): CreateLinkCategoriesTable->down()
#9 /var/www/html/sglaravel/vendor/pingpong/sky/src/Pingpong/Modules/Migrations/Migrator.php(127): Pingpong\Modules\Migrations\Migrator->down('2016_02_13_0536...')
#10 /var/www/html/sglaravel/vendor/pingpong/sky/src/Pingpong/Modules/Commands/MigrateResetCommand.php(64): Pingpong\Modules\Migrations\Migrator->reset()
#11 /var/www/html/sglaravel/vendor/pingpong/sky/src/Pingpong/Modules/Commands/MigrateResetCommand.php(39): Pingpong\Modules\Commands\MigrateResetCommand->reset('Admin')
#12 [internal function]: Pingpong\Modules\Commands\MigrateResetCommand->fire()
#13 /var/www/html/sglaravel/vendor/laravel/framework/src/Illuminate/Container/Container.php(507): call_user_func_array(Array, Array)
#14 /var/www/html/sglaravel/vendor/laravel/framework/src/Illuminate/Console/Command.php(150): Illuminate\Container\Container->call(Array)
#15 /var/www/html/sglaravel/vendor/symfony/console/Command/Command.php(256): Illuminate\Console\Command->execute(Object(Symfony\Component\Console\Input\ArrayInput), Object(Illuminate\Console\OutputStyle))
#16 /var/www/html/sglaravel/vendor/laravel/framework/src/Illuminate/Console/Command.php(136): Symfony\Component\Console\Command\Command->run(Object(Symfony\Component\Console\Input\ArrayInput), Object(Illuminate\Console\OutputStyle))
#17 /var/www/html/sglaravel/vendor/laravel/framework/src/Illuminate/Console/Command.php(166): Illuminate\Console\Command->run(Object(Symfony\Component\Console\Input\ArrayInput), Object(Illuminate\Console\OutputStyle))
#18 /var/www/html/sglaravel/vendor/pingpong/sky/src/Pingpong/Modules/Commands/MigrateRefreshCommand.php(39): Illuminate\Console\Command->call('module:migrate-...', Array)
#19 [internal function]: Pingpong\Modules\Commands\MigrateRefreshCommand->fire()
#20 /var/www/html/sglaravel/vendor/laravel/framework/src/Illuminate/Container/Container.php(507): call_user_func_array(Array, Array)
#21 /var/www/html/sglaravel/vendor/laravel/framework/src/Illuminate/Console/Command.php(150): Illuminate\Container\Container->call(Array)
#22 /var/www/html/sglaravel/vendor/symfony/console/Command/Command.php(256): Illuminate\Console\Command->execute(Object(Symfony\Component\Console\Input\ArgvInput), Object(Symfony\Component\Console\Output\ConsoleOutput))
#23 /var/www/html/sglaravel/vendor/laravel/framework/src/Illuminate/Console/Command.php(136): Symfony\Component\Console\Command\Command->run(Object(Symfony\Component\Console\Input\ArgvInput), Object(Symfony\Component\Console\Output\ConsoleOutput))
#24 /var/www/html/sglaravel/vendor/symfony/console/Application.php(841): Illuminate\Console\Command->run(Object(Symfony\Component\Console\Input\ArgvInput), Object(Symfony\Component\Console\Output\ConsoleOutput))
#25 /var/www/html/sglaravel/vendor/symfony/console/Application.php(189): Symfony\Component\Console\Application->doRunCommand(Object(Pingpong\Modules\Commands\MigrateRefreshCommand), Object(Symfony\Component\Console\Input\ArgvInput), Object(Symfony\Component\Console\Output\ConsoleOutput))
#26 /var/www/html/sglaravel/vendor/symfony/console/Application.php(120): Symfony\Component\Console\Application->doRun(Object(Symfony\Component\Console\Input\ArgvInput), Object(Symfony\Component\Console\Output\ConsoleOutput))
#27 /var/www/html/sglaravel/vendor/laravel/framework/src/Illuminate/Foundation/Console/Kernel.php(107): Symfony\Component\Console\Application->run(Object(Symfony\Component\Console\Input\ArgvInput), Object(Symfony\Component\Console\Output\ConsoleOutput))
#28 /var/www/html/sglaravel/artisan(36): Illuminate\Foundation\Console\Kernel->handle(Object(Symfony\Component\Console\Input\ArgvInput), Object(Symfony\Component\Console\Output\ConsoleOutput))
#29 {main}  
